2021-12-22 21:15:01,821 log1 INFO handle_log.py-50 line：1111111111111111
2021-12-22 21:16:55,433 log1 INFO handle_log.py-47 line：1111111111111111
2021-12-22 21:21:51,904 log1 INFO handle_log.py-45 line：1111111111111111
2021-12-22 21:27:02,524 log1 INFO handle_log.py-45 line：1111111111111111
2021-12-22 21:40:27,209 log1 INFO handle_log.py-45 line：1111111111111111
2021-12-22 21:40:27,209 log1 INFO handle_request.py-44 line：发起一次HTTP请求
2021-12-22 21:40:27,209 log1 INFO handle_request.py-47 line：请求头为：{'X-Lemonban-Media-Type': 'lemonban.v2', 'Content-Type': 'application/json'}
2021-12-22 21:40:27,209 log1 INFO handle_request.py-48 line：请求方法为：POST
2021-12-22 21:40:27,209 log1 INFO handle_request.py-49 line：请求url为：http://api.lemonban.com/futureloan/member/login
2021-12-22 21:40:27,209 log1 INFO handle_request.py-50 line：请求数据为：{'mobile_phone': '13845467789', 'pwd': '1234567890'}
2021-12-22 21:40:27,339 log1 INFO handle_request.py-57 line：响应状态码为：200
2021-12-22 21:40:27,349 log1 INFO handle_request.py-58 line：响应数据为：{'code': 1001, 'msg': '账号信息错误', 'data': None, 'copyright': 'Copyright 柠檬班 © 2017-2019 湖南省零檬信息技术有限公司 All Rights Reserved'}
2021-12-22 22:23:50,890 log1 INFO Test_registe.py-29 line：======  注册模块用例 开始执行  ========
2021-12-22 22:23:50,890 log1 INFO Test_registe.py-39 line：*********   执行用例1：注册成功-带注册名   *********
2021-12-22 22:23:50,890 log1 INFO handle_request.py-44 line：发起一次HTTP请求
2021-12-22 22:23:50,890 log1 INFO handle_request.py-47 line：请求头为：{'X-Lemonban-Media-Type': 'lemonban.v2', 'Content-Type': 'application/json'}
2021-12-22 22:23:50,890 log1 INFO handle_request.py-48 line：请求方法为：post
2021-12-22 22:23:50,890 log1 INFO handle_request.py-49 line：请求url为：http://api.lemonban.com/futureloan/member/register
2021-12-22 22:23:50,890 log1 INFO handle_request.py-50 line：请求数据为：{'mobile_phone': '18600001112', 'pwd': '123456789', 'type': 1, 'reg_name': '美丽可爱的小简'}
2021-12-22 22:23:51,050 log1 INFO handle_request.py-57 line：响应状态码为：200
2021-12-22 22:23:51,050 log1 INFO handle_request.py-58 line：响应数据为：{'code': 2, 'msg': '账号已存在', 'data': None, 'copyright': 'Copyright 柠檬班 © 2017-2019 湖南省零檬信息技术有限公司 All Rights Reserved'}
2021-12-22 22:23:51,050 log1 INFO Test_registe.py-44 line：用例的期望结果为：{"code":0,"msg":"OK"}
2021-12-22 22:23:51,050 log1 ERROR Test_registe.py-49 line：断言失败！
Traceback (most recent call last):
  File "C:\Users\Administrator\Desktop\api\TestCase\Test_registe.py", line 46, in test_register_ok
    self.assertEqual(response.json()["code"],expected["code"]) #断言响应code与期望code
  File "D:\python\lib\unittest\case.py", line 829, in assertEqual
    assertion_func(first, second, msg=msg)
  File "D:\python\lib\unittest\case.py", line 822, in _baseAssertEqual
    raise self.failureException(msg)
AssertionError: 2 != 0
2021-12-22 22:23:51,070 log1 INFO Test_registe.py-39 line：*********   执行用例2：成功-不带用户名   *********
2021-12-22 22:23:51,070 log1 INFO handle_request.py-44 line：发起一次HTTP请求
2021-12-22 22:23:51,070 log1 INFO handle_request.py-47 line：请求头为：{'X-Lemonban-Media-Type': 'lemonban.v2', 'Content-Type': 'application/json'}
2021-12-22 22:23:51,070 log1 INFO handle_request.py-48 line：请求方法为：post
2021-12-22 22:23:51,070 log1 INFO handle_request.py-49 line：请求url为：http://api.lemonban.com/futureloan/member/register
2021-12-22 22:23:51,070 log1 INFO handle_request.py-50 line：请求数据为：{'mobile_phone': '18600001113', 'pwd': '123456789', 'type': 1}
2021-12-22 22:23:51,160 log1 INFO handle_request.py-57 line：响应状态码为：200
2021-12-22 22:23:51,160 log1 INFO handle_request.py-58 line：响应数据为：{'code': 2, 'msg': '账号已存在', 'data': None, 'copyright': 'Copyright 柠檬班 © 2017-2019 湖南省零檬信息技术有限公司 All Rights Reserved'}
2021-12-22 22:23:51,160 log1 INFO Test_registe.py-44 line：用例的期望结果为：{"code":1,"msg":"手机号为空"}
2021-12-22 22:23:51,160 log1 ERROR Test_registe.py-49 line：断言失败！
Traceback (most recent call last):
  File "C:\Users\Administrator\Desktop\api\TestCase\Test_registe.py", line 46, in test_register_ok
    self.assertEqual(response.json()["code"],expected["code"]) #断言响应code与期望code
  File "D:\python\lib\unittest\case.py", line 829, in assertEqual
    assertion_func(first, second, msg=msg)
  File "D:\python\lib\unittest\case.py", line 822, in _baseAssertEqual
    raise self.failureException(msg)
AssertionError: 2 != 1
2021-12-22 22:23:51,160 log1 INFO Test_registe.py-39 line：*********   执行用例3：不输入手机号   *********
2021-12-22 22:23:51,160 log1 INFO handle_request.py-44 line：发起一次HTTP请求
2021-12-22 22:23:51,170 log1 INFO handle_request.py-47 line：请求头为：{'X-Lemonban-Media-Type': 'lemonban.v2', 'Content-Type': 'application/json'}
2021-12-22 22:23:51,170 log1 INFO handle_request.py-48 line：请求方法为：post
2021-12-22 22:23:51,170 log1 INFO handle_request.py-49 line：请求url为：http://api.lemonban.com/futureloan/member/register
2021-12-22 22:23:51,170 log1 INFO handle_request.py-50 line：请求数据为：{'pwd': '12345678', 'type': 1}
2021-12-22 22:23:51,310 log1 INFO handle_request.py-57 line：响应状态码为：200
2021-12-22 22:23:51,310 log1 INFO handle_request.py-58 line：响应数据为：{'code': 1, 'msg': '手机号为空', 'data': None, 'copyright': 'Copyright 柠檬班 © 2017-2019 湖南省零檬信息技术有限公司 All Rights Reserved'}
2021-12-22 22:23:51,310 log1 INFO Test_registe.py-44 line：用例的期望结果为：{"code":1,"msg":"手机号为空"}
2021-12-22 22:23:51,310 log1 INFO Test_registe.py-39 line：*********   执行用例4：手机号长度10位   *********
2021-12-22 22:23:51,310 log1 INFO handle_request.py-44 line：发起一次HTTP请求
2021-12-22 22:23:51,310 log1 INFO handle_request.py-47 line：请求头为：{'X-Lemonban-Media-Type': 'lemonban.v2', 'Content-Type': 'application/json'}
2021-12-22 22:23:51,310 log1 INFO handle_request.py-48 line：请求方法为：post
2021-12-22 22:23:51,310 log1 INFO handle_request.py-49 line：请求url为：http://api.lemonban.com/futureloan/member/register
2021-12-22 22:23:51,310 log1 INFO handle_request.py-50 line：请求数据为：{'mobile_phone': '1550000000', 'pwd': '12345678', 'type': 1}
2021-12-22 22:23:51,390 log1 INFO handle_request.py-57 line：响应状态码为：200
2021-12-22 22:23:51,390 log1 INFO handle_request.py-58 line：响应数据为：{'code': 2, 'msg': '无效的手机格式', 'data': None, 'copyright': 'Copyright 柠檬班 © 2017-2019 湖南省零檬信息技术有限公司 All Rights Reserved'}
2021-12-22 22:23:51,390 log1 INFO Test_registe.py-44 line：用例的期望结果为：{"code":2,"msg":"无效的手机格式"}
2021-12-22 22:23:51,390 log1 INFO Test_registe.py-39 line：*********   执行用例5：手机号长度12位   *********
2021-12-22 22:23:51,390 log1 INFO handle_request.py-44 line：发起一次HTTP请求
2021-12-22 22:23:51,390 log1 INFO handle_request.py-47 line：请求头为：{'X-Lemonban-Media-Type': 'lemonban.v2', 'Content-Type': 'application/json'}
2021-12-22 22:23:51,390 log1 INFO handle_request.py-48 line：请求方法为：post
2021-12-22 22:23:51,390 log1 INFO handle_request.py-49 line：请求url为：http://api.lemonban.com/futureloan/member/register
2021-12-22 22:23:51,390 log1 INFO handle_request.py-50 line：请求数据为：{'mobile_phone': '155000000001', 'pwd': '12345678', 'type': 1}
2021-12-22 22:23:51,470 log1 INFO handle_request.py-57 line：响应状态码为：200
2021-12-22 22:23:51,470 log1 INFO handle_request.py-58 line：响应数据为：{'code': 2, 'msg': '无效的手机格式', 'data': None, 'copyright': 'Copyright 柠檬班 © 2017-2019 湖南省零檬信息技术有限公司 All Rights Reserved'}
2021-12-22 22:23:51,470 log1 INFO Test_registe.py-44 line：用例的期望结果为：{"code":2,"msg":"无效的手机格式"}
2021-12-22 22:23:51,470 log1 INFO Test_registe.py-39 line：*********   执行用例6：手机号含有非法字符   *********
2021-12-22 22:23:51,470 log1 INFO handle_request.py-44 line：发起一次HTTP请求
2021-12-22 22:23:51,470 log1 INFO handle_request.py-47 line：请求头为：{'X-Lemonban-Media-Type': 'lemonban.v2', 'Content-Type': 'application/json'}
2021-12-22 22:23:51,470 log1 INFO handle_request.py-48 line：请求方法为：post
2021-12-22 22:23:51,470 log1 INFO handle_request.py-49 line：请求url为：http://api.lemonban.com/futureloan/member/register
2021-12-22 22:23:51,470 log1 INFO handle_request.py-50 line：请求数据为：{'mobile_phone': '1550000000q', 'pwd': '12345678', 'type': 1}
2021-12-22 22:23:51,560 log1 INFO handle_request.py-57 line：响应状态码为：200
2021-12-22 22:23:51,560 log1 INFO handle_request.py-58 line：响应数据为：{'code': 2, 'msg': '无效的手机格式', 'data': None, 'copyright': 'Copyright 柠檬班 © 2017-2019 湖南省零檬信息技术有限公司 All Rights Reserved'}
2021-12-22 22:23:51,560 log1 INFO Test_registe.py-44 line：用例的期望结果为：{"code":2,"msg":"无效的手机格式"}
2021-12-22 22:23:51,560 log1 INFO Test_registe.py-39 line：*********   执行用例7：已注册过的手机号   *********
2021-12-22 22:23:51,560 log1 INFO handle_request.py-44 line：发起一次HTTP请求
2021-12-22 22:23:51,560 log1 INFO handle_request.py-47 line：请求头为：{'X-Lemonban-Media-Type': 'lemonban.v2', 'Content-Type': 'application/json'}
2021-12-22 22:23:51,560 log1 INFO handle_request.py-48 line：请求方法为：post
2021-12-22 22:23:51,560 log1 INFO handle_request.py-49 line：请求url为：http://api.lemonban.com/futureloan/member/register
2021-12-22 22:23:51,560 log1 INFO handle_request.py-50 line：请求数据为：{'mobile_phone': '15500000000', 'pwd': '12345678', 'type': 1}
2021-12-22 22:23:51,650 log1 INFO handle_request.py-57 line：响应状态码为：200
2021-12-22 22:23:51,650 log1 INFO handle_request.py-58 line：响应数据为：{'code': 2, 'msg': '账号已存在', 'data': None, 'copyright': 'Copyright 柠檬班 © 2017-2019 湖南省零檬信息技术有限公司 All Rights Reserved'}
2021-12-22 22:23:51,650 log1 INFO Test_registe.py-44 line：用例的期望结果为：{"code":2,"msg":"账号已存在"}
2021-12-22 22:23:51,650 log1 INFO Test_registe.py-39 line：*********   执行用例8：密码7位   *********
2021-12-22 22:23:51,650 log1 INFO handle_request.py-44 line：发起一次HTTP请求
2021-12-22 22:23:51,650 log1 INFO handle_request.py-47 line：请求头为：{'X-Lemonban-Media-Type': 'lemonban.v2', 'Content-Type': 'application/json'}
2021-12-22 22:23:51,650 log1 INFO handle_request.py-48 line：请求方法为：post
2021-12-22 22:23:51,650 log1 INFO handle_request.py-49 line：请求url为：http://api.lemonban.com/futureloan/member/register
2021-12-22 22:23:51,650 log1 INFO handle_request.py-50 line：请求数据为：{'mobile_phone': '15500056781', 'pwd': '1234567', 'type': 1}
2021-12-22 22:23:51,740 log1 INFO handle_request.py-57 line：响应状态码为：200
2021-12-22 22:23:51,740 log1 INFO handle_request.py-58 line：响应数据为：{'code': 2, 'msg': '密码格式为8到16位', 'data': None, 'copyright': 'Copyright 柠檬班 © 2017-2019 湖南省零檬信息技术有限公司 All Rights Reserved'}
2021-12-22 22:23:51,740 log1 INFO Test_registe.py-44 line：用例的期望结果为：{"code":2,"msg":"密码格式为8到16位"}
2021-12-22 22:23:51,740 log1 INFO Test_registe.py-39 line：*********   执行用例9：密码17位   *********
2021-12-22 22:23:51,740 log1 INFO handle_request.py-44 line：发起一次HTTP请求
2021-12-22 22:23:51,740 log1 INFO handle_request.py-47 line：请求头为：{'X-Lemonban-Media-Type': 'lemonban.v2', 'Content-Type': 'application/json'}
2021-12-22 22:23:51,740 log1 INFO handle_request.py-48 line：请求方法为：post
2021-12-22 22:23:51,740 log1 INFO handle_request.py-49 line：请求url为：http://api.lemonban.com/futureloan/member/register
2021-12-22 22:23:51,740 log1 INFO handle_request.py-50 line：请求数据为：{'mobile_phone': '15500000001', 'pwd': '12345678901234567', 'type': 1}
2021-12-22 22:23:51,830 log1 INFO handle_request.py-57 line：响应状态码为：200
2021-12-22 22:23:51,830 log1 INFO handle_request.py-58 line：响应数据为：{'code': 2, 'msg': '密码格式为8到16位', 'data': None, 'copyright': 'Copyright 柠檬班 © 2017-2019 湖南省零檬信息技术有限公司 All Rights Reserved'}
2021-12-22 22:23:51,830 log1 INFO Test_registe.py-44 line：用例的期望结果为：{"code":2,"msg":"密码格式为8到16位"}
2021-12-22 22:23:51,830 log1 INFO Test_registe.py-39 line：*********   执行用例10：不输入密码   *********
2021-12-22 22:23:51,830 log1 INFO handle_request.py-44 line：发起一次HTTP请求
2021-12-22 22:23:51,830 log1 INFO handle_request.py-47 line：请求头为：{'X-Lemonban-Media-Type': 'lemonban.v2', 'Content-Type': 'application/json'}
2021-12-22 22:23:51,830 log1 INFO handle_request.py-48 line：请求方法为：post
2021-12-22 22:23:51,830 log1 INFO handle_request.py-49 line：请求url为：http://api.lemonban.com/futureloan/member/register
2021-12-22 22:23:51,830 log1 INFO handle_request.py-50 line：请求数据为：{'mobile_phone': '13300000001', 'type': 1}
2021-12-22 22:23:51,920 log1 INFO handle_request.py-57 line：响应状态码为：200
2021-12-22 22:23:51,920 log1 INFO handle_request.py-58 line：响应数据为：{'code': 1, 'msg': '密码为空', 'data': None, 'copyright': 'Copyright 柠檬班 © 2017-2019 湖南省零檬信息技术有限公司 All Rights Reserved'}
2021-12-22 22:23:51,920 log1 INFO Test_registe.py-44 line：用例的期望结果为：{"code":1,"msg":"密码为空"}
2021-12-22 22:23:51,920 log1 INFO Test_registe.py-39 line：*********   执行用例11：注册名11位   *********
2021-12-22 22:23:51,920 log1 INFO handle_request.py-44 line：发起一次HTTP请求
2021-12-22 22:23:51,920 log1 INFO handle_request.py-47 line：请求头为：{'X-Lemonban-Media-Type': 'lemonban.v2', 'Content-Type': 'application/json'}
2021-12-22 22:23:51,920 log1 INFO handle_request.py-48 line：请求方法为：post
2021-12-22 22:23:51,920 log1 INFO handle_request.py-49 line：请求url为：http://api.lemonban.com/futureloan/member/register
2021-12-22 22:23:51,920 log1 INFO handle_request.py-50 line：请求数据为：{'mobile_phone': '13303007856', 'pwd': '12345678', 'type': 1, 'reg_name': '12345678909991'}
2021-12-22 22:23:52,000 log1 INFO handle_request.py-57 line：响应状态码为：200
2021-12-22 22:23:52,000 log1 INFO handle_request.py-58 line：响应数据为：{'code': 2, 'msg': '用户昵称长度超过10位', 'data': None, 'copyright': 'Copyright 柠檬班 © 2017-2019 湖南省零檬信息技术有限公司 All Rights Reserved'}
2021-12-22 22:23:52,000 log1 INFO Test_registe.py-44 line：用例的期望结果为：{"code":2,"msg":"用户昵称长度超过10位"}
2021-12-22 22:23:52,000 log1 INFO Test_registe.py-39 line：*********   执行用例12：类型输入非0，1内容   *********
2021-12-22 22:23:52,000 log1 INFO handle_request.py-44 line：发起一次HTTP请求
2021-12-22 22:23:52,000 log1 INFO handle_request.py-47 line：请求头为：{'X-Lemonban-Media-Type': 'lemonban.v2', 'Content-Type': 'application/json'}
2021-12-22 22:23:52,000 log1 INFO handle_request.py-48 line：请求方法为：post
2021-12-22 22:23:52,000 log1 INFO handle_request.py-49 line：请求url为：http://api.lemonban.com/futureloan/member/register
2021-12-22 22:23:52,000 log1 INFO handle_request.py-50 line：请求数据为：{'mobile_phone': '13300003456', 'pwd': '12345678', 'type': 2}
2021-12-22 22:23:52,090 log1 INFO handle_request.py-57 line：响应状态码为：200
2021-12-22 22:23:52,090 log1 INFO handle_request.py-58 line：响应数据为：{'code': 2, 'msg': '不支持的用户类型', 'data': None, 'copyright': 'Copyright 柠檬班 © 2017-2019 湖南省零檬信息技术有限公司 All Rights Reserved'}
2021-12-22 22:23:52,090 log1 INFO Test_registe.py-44 line：用例的期望结果为：{"code":2,"msg":"不支持的用户类型"}
2021-12-22 22:23:52,090 log1 INFO Test_registe.py-39 line：*********   执行用例13：不输入类型   *********
2021-12-22 22:23:52,090 log1 INFO handle_request.py-44 line：发起一次HTTP请求
2021-12-22 22:23:52,090 log1 INFO handle_request.py-47 line：请求头为：{'X-Lemonban-Media-Type': 'lemonban.v2', 'Content-Type': 'application/json'}
2021-12-22 22:23:52,090 log1 INFO handle_request.py-48 line：请求方法为：post
2021-12-22 22:23:52,090 log1 INFO handle_request.py-49 line：请求url为：http://api.lemonban.com/futureloan/member/register
2021-12-22 22:23:52,090 log1 INFO handle_request.py-50 line：请求数据为：{'mobile_phone': '#phone#', 'pwd': '12345678'}
2021-12-22 22:23:52,200 log1 INFO handle_request.py-57 line：响应状态码为：200
2021-12-22 22:23:52,200 log1 INFO handle_request.py-58 line：响应数据为：{'code': 2, 'msg': '无效的手机格式', 'data': None, 'copyright': 'Copyright 柠檬班 © 2017-2019 湖南省零檬信息技术有限公司 All Rights Reserved'}
2021-12-22 22:23:52,200 log1 INFO Test_registe.py-44 line：用例的期望结果为：{"code":0,"msg":"OK"}
2021-12-22 22:23:52,200 log1 ERROR Test_registe.py-49 line：断言失败！
Traceback (most recent call last):
  File "C:\Users\Administrator\Desktop\api\TestCase\Test_registe.py", line 46, in test_register_ok
    self.assertEqual(response.json()["code"],expected["code"]) #断言响应code与期望code
  File "D:\python\lib\unittest\case.py", line 829, in assertEqual
    assertion_func(first, second, msg=msg)
  File "D:\python\lib\unittest\case.py", line 822, in _baseAssertEqual
    raise self.failureException(msg)
AssertionError: 2 != 0
2021-12-22 22:23:52,210 log1 INFO Test_registe.py-33 line：======  注册模块用例 执行结束  ========
2021-12-22 22:33:07,849 log1 INFO Test_registe.py-29 line：======  注册模块用例 开始执行  ========
2021-12-22 22:33:07,849 log1 INFO Test_registe.py-39 line：*********   执行用例1：注册成功-带注册名   *********
2021-12-22 22:33:07,849 log1 INFO handle_request.py-44 line：发起一次HTTP请求
2021-12-22 22:33:07,849 log1 INFO handle_request.py-47 line：请求头为：{'X-Lemonban-Media-Type': 'lemonban.v2', 'Content-Type': 'application/json'}
2021-12-22 22:33:07,849 log1 INFO handle_request.py-48 line：请求方法为：post
2021-12-22 22:33:07,849 log1 INFO handle_request.py-49 line：请求url为：http://api.lemonban.com/futureloan/member/register
2021-12-22 22:33:07,849 log1 INFO handle_request.py-50 line：请求数据为：{'mobile_phone': '18600001112', 'pwd': '123456789', 'type': 1, 'reg_name': '美丽可爱的小简'}
2021-12-22 22:33:07,979 log1 INFO handle_request.py-57 line：响应状态码为：200
2021-12-22 22:33:07,979 log1 INFO handle_request.py-58 line：响应数据为：{'code': 2, 'msg': '账号已存在', 'data': None, 'copyright': 'Copyright 柠檬班 © 2017-2019 湖南省零檬信息技术有限公司 All Rights Reserved'}
2021-12-22 22:33:07,979 log1 INFO Test_registe.py-44 line：用例的期望结果为：{"code":0,"msg":"OK"}
2021-12-22 22:33:07,979 log1 ERROR Test_registe.py-50 line：断言失败！
Traceback (most recent call last):
  File "C:\Users\Administrator\Desktop\api\TestCase\Test_registe.py", line 46, in test_register_ok
    self.assertEqual(response.json()["code"],expected["code"]) #断言响应code与期望code
  File "D:\python\lib\unittest\case.py", line 829, in assertEqual
    assertion_func(first, second, msg=msg)
  File "D:\python\lib\unittest\case.py", line 822, in _baseAssertEqual
    raise self.failureException(msg)
AssertionError: 2 != 0
2021-12-22 22:33:07,989 log1 INFO Test_registe.py-39 line：*********   执行用例2：成功-不带用户名   *********
2021-12-22 22:33:07,989 log1 INFO handle_request.py-44 line：发起一次HTTP请求
2021-12-22 22:33:07,989 log1 INFO handle_request.py-47 line：请求头为：{'X-Lemonban-Media-Type': 'lemonban.v2', 'Content-Type': 'application/json'}
2021-12-22 22:33:07,989 log1 INFO handle_request.py-48 line：请求方法为：post
2021-12-22 22:33:07,989 log1 INFO handle_request.py-49 line：请求url为：http://api.lemonban.com/futureloan/member/register
2021-12-22 22:33:07,989 log1 INFO handle_request.py-50 line：请求数据为：{'mobile_phone': '18600001113', 'pwd': '123456789', 'type': 1}
2021-12-22 22:33:08,079 log1 INFO handle_request.py-57 line：响应状态码为：200
2021-12-22 22:33:08,079 log1 INFO handle_request.py-58 line：响应数据为：{'code': 2, 'msg': '账号已存在', 'data': None, 'copyright': 'Copyright 柠檬班 © 2017-2019 湖南省零檬信息技术有限公司 All Rights Reserved'}
2021-12-22 22:33:08,079 log1 INFO Test_registe.py-44 line：用例的期望结果为：{"code":1,"msg":"手机号为空"}
2021-12-22 22:33:08,079 log1 ERROR Test_registe.py-50 line：断言失败！
Traceback (most recent call last):
  File "C:\Users\Administrator\Desktop\api\TestCase\Test_registe.py", line 46, in test_register_ok
    self.assertEqual(response.json()["code"],expected["code"]) #断言响应code与期望code
  File "D:\python\lib\unittest\case.py", line 829, in assertEqual
    assertion_func(first, second, msg=msg)
  File "D:\python\lib\unittest\case.py", line 822, in _baseAssertEqual
    raise self.failureException(msg)
AssertionError: 2 != 1
2021-12-22 22:33:08,079 log1 INFO Test_registe.py-39 line：*********   执行用例3：不输入手机号   *********
2021-12-22 22:33:08,079 log1 INFO handle_request.py-44 line：发起一次HTTP请求
2021-12-22 22:33:08,079 log1 INFO handle_request.py-47 line：请求头为：{'X-Lemonban-Media-Type': 'lemonban.v2', 'Content-Type': 'application/json'}
2021-12-22 22:33:08,079 log1 INFO handle_request.py-48 line：请求方法为：post
2021-12-22 22:33:08,079 log1 INFO handle_request.py-49 line：请求url为：http://api.lemonban.com/futureloan/member/register
2021-12-22 22:33:08,079 log1 INFO handle_request.py-50 line：请求数据为：{'pwd': '12345678', 'type': 1}
2021-12-22 22:33:08,159 log1 INFO handle_request.py-57 line：响应状态码为：200
2021-12-22 22:33:08,159 log1 INFO handle_request.py-58 line：响应数据为：{'code': 1, 'msg': '手机号为空', 'data': None, 'copyright': 'Copyright 柠檬班 © 2017-2019 湖南省零檬信息技术有限公司 All Rights Reserved'}
2021-12-22 22:33:08,159 log1 INFO Test_registe.py-44 line：用例的期望结果为：{"code":1,"msg":"手机号为空"}
2021-12-22 22:33:08,159 log1 INFO Test_registe.py-39 line：*********   执行用例4：手机号长度10位   *********
2021-12-22 22:33:08,159 log1 INFO handle_request.py-44 line：发起一次HTTP请求
2021-12-22 22:33:08,159 log1 INFO handle_request.py-47 line：请求头为：{'X-Lemonban-Media-Type': 'lemonban.v2', 'Content-Type': 'application/json'}
2021-12-22 22:33:08,159 log1 INFO handle_request.py-48 line：请求方法为：post
2021-12-22 22:33:08,159 log1 INFO handle_request.py-49 line：请求url为：http://api.lemonban.com/futureloan/member/register
2021-12-22 22:33:08,159 log1 INFO handle_request.py-50 line：请求数据为：{'mobile_phone': '1550000000', 'pwd': '12345678', 'type': 1}
2021-12-22 22:33:09,239 log1 INFO handle_request.py-57 line：响应状态码为：200
2021-12-22 22:33:09,239 log1 INFO handle_request.py-58 line：响应数据为：{'code': 2, 'msg': '无效的手机格式', 'data': None, 'copyright': 'Copyright 柠檬班 © 2017-2019 湖南省零檬信息技术有限公司 All Rights Reserved'}
2021-12-22 22:33:09,239 log1 INFO Test_registe.py-44 line：用例的期望结果为：{"code":2,"msg":"无效的手机格式"}
2021-12-22 22:33:09,239 log1 INFO Test_registe.py-39 line：*********   执行用例5：手机号长度12位   *********
2021-12-22 22:33:09,239 log1 INFO handle_request.py-44 line：发起一次HTTP请求
2021-12-22 22:33:09,239 log1 INFO handle_request.py-47 line：请求头为：{'X-Lemonban-Media-Type': 'lemonban.v2', 'Content-Type': 'application/json'}
2021-12-22 22:33:09,239 log1 INFO handle_request.py-48 line：请求方法为：post
2021-12-22 22:33:09,239 log1 INFO handle_request.py-49 line：请求url为：http://api.lemonban.com/futureloan/member/register
2021-12-22 22:33:09,239 log1 INFO handle_request.py-50 line：请求数据为：{'mobile_phone': '155000000001', 'pwd': '12345678', 'type': 1}
2021-12-22 22:33:09,319 log1 INFO handle_request.py-57 line：响应状态码为：200
2021-12-22 22:33:09,319 log1 INFO handle_request.py-58 line：响应数据为：{'code': 2, 'msg': '无效的手机格式', 'data': None, 'copyright': 'Copyright 柠檬班 © 2017-2019 湖南省零檬信息技术有限公司 All Rights Reserved'}
2021-12-22 22:33:09,319 log1 INFO Test_registe.py-44 line：用例的期望结果为：{"code":2,"msg":"无效的手机格式"}
2021-12-22 22:33:09,319 log1 INFO Test_registe.py-39 line：*********   执行用例6：手机号含有非法字符   *********
2021-12-22 22:33:09,319 log1 INFO handle_request.py-44 line：发起一次HTTP请求
2021-12-22 22:33:09,319 log1 INFO handle_request.py-47 line：请求头为：{'X-Lemonban-Media-Type': 'lemonban.v2', 'Content-Type': 'application/json'}
2021-12-22 22:33:09,319 log1 INFO handle_request.py-48 line：请求方法为：post
2021-12-22 22:33:09,319 log1 INFO handle_request.py-49 line：请求url为：http://api.lemonban.com/futureloan/member/register
2021-12-22 22:33:09,319 log1 INFO handle_request.py-50 line：请求数据为：{'mobile_phone': '1550000000q', 'pwd': '12345678', 'type': 1}
2021-12-22 22:33:09,409 log1 INFO handle_request.py-57 line：响应状态码为：200
2021-12-22 22:33:09,409 log1 INFO handle_request.py-58 line：响应数据为：{'code': 2, 'msg': '无效的手机格式', 'data': None, 'copyright': 'Copyright 柠檬班 © 2017-2019 湖南省零檬信息技术有限公司 All Rights Reserved'}
2021-12-22 22:33:09,409 log1 INFO Test_registe.py-44 line：用例的期望结果为：{"code":2,"msg":"无效的手机格式"}
2021-12-22 22:33:09,409 log1 INFO Test_registe.py-39 line：*********   执行用例7：已注册过的手机号   *********
2021-12-22 22:33:09,409 log1 INFO handle_request.py-44 line：发起一次HTTP请求
2021-12-22 22:33:09,409 log1 INFO handle_request.py-47 line：请求头为：{'X-Lemonban-Media-Type': 'lemonban.v2', 'Content-Type': 'application/json'}
2021-12-22 22:33:09,409 log1 INFO handle_request.py-48 line：请求方法为：post
2021-12-22 22:33:09,409 log1 INFO handle_request.py-49 line：请求url为：http://api.lemonban.com/futureloan/member/register
2021-12-22 22:33:09,409 log1 INFO handle_request.py-50 line：请求数据为：{'mobile_phone': '15500000000', 'pwd': '12345678', 'type': 1}
2021-12-22 22:33:09,499 log1 INFO handle_request.py-57 line：响应状态码为：200
2021-12-22 22:33:09,499 log1 INFO handle_request.py-58 line：响应数据为：{'code': 2, 'msg': '账号已存在', 'data': None, 'copyright': 'Copyright 柠檬班 © 2017-2019 湖南省零檬信息技术有限公司 All Rights Reserved'}
2021-12-22 22:33:09,499 log1 INFO Test_registe.py-44 line：用例的期望结果为：{"code":2,"msg":"账号已存在"}
2021-12-22 22:33:09,499 log1 INFO Test_registe.py-39 line：*********   执行用例8：密码7位   *********
2021-12-22 22:33:09,499 log1 INFO handle_request.py-44 line：发起一次HTTP请求
2021-12-22 22:33:09,499 log1 INFO handle_request.py-47 line：请求头为：{'X-Lemonban-Media-Type': 'lemonban.v2', 'Content-Type': 'application/json'}
2021-12-22 22:33:09,499 log1 INFO handle_request.py-48 line：请求方法为：post
2021-12-22 22:33:09,499 log1 INFO handle_request.py-49 line：请求url为：http://api.lemonban.com/futureloan/member/register
2021-12-22 22:33:09,499 log1 INFO handle_request.py-50 line：请求数据为：{'mobile_phone': '15500056781', 'pwd': '1234567', 'type': 1}
2021-12-22 22:33:09,569 log1 INFO handle_request.py-57 line：响应状态码为：200
2021-12-22 22:33:09,569 log1 INFO handle_request.py-58 line：响应数据为：{'code': 2, 'msg': '密码格式为8到16位', 'data': None, 'copyright': 'Copyright 柠檬班 © 2017-2019 湖南省零檬信息技术有限公司 All Rights Reserved'}
2021-12-22 22:33:09,569 log1 INFO Test_registe.py-44 line：用例的期望结果为：{"code":2,"msg":"密码格式为8到16位"}
2021-12-22 22:33:09,569 log1 INFO Test_registe.py-39 line：*********   执行用例9：密码17位   *********
2021-12-22 22:33:09,569 log1 INFO handle_request.py-44 line：发起一次HTTP请求
2021-12-22 22:33:09,569 log1 INFO handle_request.py-47 line：请求头为：{'X-Lemonban-Media-Type': 'lemonban.v2', 'Content-Type': 'application/json'}
2021-12-22 22:33:09,569 log1 INFO handle_request.py-48 line：请求方法为：post
2021-12-22 22:33:09,569 log1 INFO handle_request.py-49 line：请求url为：http://api.lemonban.com/futureloan/member/register
2021-12-22 22:33:09,569 log1 INFO handle_request.py-50 line：请求数据为：{'mobile_phone': '15500000001', 'pwd': '12345678901234567', 'type': 1}
2021-12-22 22:33:09,649 log1 INFO handle_request.py-57 line：响应状态码为：200
2021-12-22 22:33:09,649 log1 INFO handle_request.py-58 line：响应数据为：{'code': 2, 'msg': '密码格式为8到16位', 'data': None, 'copyright': 'Copyright 柠檬班 © 2017-2019 湖南省零檬信息技术有限公司 All Rights Reserved'}
2021-12-22 22:33:09,649 log1 INFO Test_registe.py-44 line：用例的期望结果为：{"code":2,"msg":"密码格式为8到16位"}
2021-12-22 22:33:09,649 log1 INFO Test_registe.py-39 line：*********   执行用例10：不输入密码   *********
2021-12-22 22:33:09,649 log1 INFO handle_request.py-44 line：发起一次HTTP请求
2021-12-22 22:33:09,649 log1 INFO handle_request.py-47 line：请求头为：{'X-Lemonban-Media-Type': 'lemonban.v2', 'Content-Type': 'application/json'}
2021-12-22 22:33:09,649 log1 INFO handle_request.py-48 line：请求方法为：post
2021-12-22 22:33:09,649 log1 INFO handle_request.py-49 line：请求url为：http://api.lemonban.com/futureloan/member/register
2021-12-22 22:33:09,649 log1 INFO handle_request.py-50 line：请求数据为：{'mobile_phone': '13300000001', 'type': 1}
2021-12-22 22:33:09,729 log1 INFO handle_request.py-57 line：响应状态码为：200
2021-12-22 22:33:09,729 log1 INFO handle_request.py-58 line：响应数据为：{'code': 1, 'msg': '密码为空', 'data': None, 'copyright': 'Copyright 柠檬班 © 2017-2019 湖南省零檬信息技术有限公司 All Rights Reserved'}
2021-12-22 22:33:09,729 log1 INFO Test_registe.py-44 line：用例的期望结果为：{"code":1,"msg":"密码为空"}
2021-12-22 22:33:09,729 log1 INFO Test_registe.py-39 line：*********   执行用例11：注册名11位   *********
2021-12-22 22:33:09,729 log1 INFO handle_request.py-44 line：发起一次HTTP请求
2021-12-22 22:33:09,729 log1 INFO handle_request.py-47 line：请求头为：{'X-Lemonban-Media-Type': 'lemonban.v2', 'Content-Type': 'application/json'}
2021-12-22 22:33:09,729 log1 INFO handle_request.py-48 line：请求方法为：post
2021-12-22 22:33:09,729 log1 INFO handle_request.py-49 line：请求url为：http://api.lemonban.com/futureloan/member/register
2021-12-22 22:33:09,729 log1 INFO handle_request.py-50 line：请求数据为：{'mobile_phone': '13303007856', 'pwd': '12345678', 'type': 1, 'reg_name': '12345678909991'}
2021-12-22 22:33:09,819 log1 INFO handle_request.py-57 line：响应状态码为：200
2021-12-22 22:33:09,819 log1 INFO handle_request.py-58 line：响应数据为：{'code': 2, 'msg': '用户昵称长度超过10位', 'data': None, 'copyright': 'Copyright 柠檬班 © 2017-2019 湖南省零檬信息技术有限公司 All Rights Reserved'}
2021-12-22 22:33:09,819 log1 INFO Test_registe.py-44 line：用例的期望结果为：{"code":2,"msg":"用户昵称长度超过10位"}
2021-12-22 22:33:09,819 log1 INFO Test_registe.py-39 line：*********   执行用例12：类型输入非0，1内容   *********
2021-12-22 22:33:09,819 log1 INFO handle_request.py-44 line：发起一次HTTP请求
2021-12-22 22:33:09,819 log1 INFO handle_request.py-47 line：请求头为：{'X-Lemonban-Media-Type': 'lemonban.v2', 'Content-Type': 'application/json'}
2021-12-22 22:33:09,819 log1 INFO handle_request.py-48 line：请求方法为：post
2021-12-22 22:33:09,819 log1 INFO handle_request.py-49 line：请求url为：http://api.lemonban.com/futureloan/member/register
2021-12-22 22:33:09,819 log1 INFO handle_request.py-50 line：请求数据为：{'mobile_phone': '13300003456', 'pwd': '12345678', 'type': 2}
2021-12-22 22:33:09,899 log1 INFO handle_request.py-57 line：响应状态码为：200
2021-12-22 22:33:09,899 log1 INFO handle_request.py-58 line：响应数据为：{'code': 2, 'msg': '不支持的用户类型', 'data': None, 'copyright': 'Copyright 柠檬班 © 2017-2019 湖南省零檬信息技术有限公司 All Rights Reserved'}
2021-12-22 22:33:09,899 log1 INFO Test_registe.py-44 line：用例的期望结果为：{"code":2,"msg":"不支持的用户类型"}
2021-12-22 22:33:09,899 log1 INFO Test_registe.py-39 line：*********   执行用例13：不输入类型   *********
2021-12-22 22:33:09,899 log1 INFO handle_request.py-44 line：发起一次HTTP请求
2021-12-22 22:33:09,899 log1 INFO handle_request.py-47 line：请求头为：{'X-Lemonban-Media-Type': 'lemonban.v2', 'Content-Type': 'application/json'}
2021-12-22 22:33:09,899 log1 INFO handle_request.py-48 line：请求方法为：post
2021-12-22 22:33:09,899 log1 INFO handle_request.py-49 line：请求url为：http://api.lemonban.com/futureloan/member/register
2021-12-22 22:33:09,899 log1 INFO handle_request.py-50 line：请求数据为：{'mobile_phone': '#phone#', 'pwd': '12345678'}
2021-12-22 22:33:09,999 log1 INFO handle_request.py-57 line：响应状态码为：200
2021-12-22 22:33:09,999 log1 INFO handle_request.py-58 line：响应数据为：{'code': 2, 'msg': '无效的手机格式', 'data': None, 'copyright': 'Copyright 柠檬班 © 2017-2019 湖南省零檬信息技术有限公司 All Rights Reserved'}
2021-12-22 22:33:09,999 log1 INFO Test_registe.py-44 line：用例的期望结果为：{"code":0,"msg":"OK"}
2021-12-22 22:33:09,999 log1 ERROR Test_registe.py-50 line：断言失败！
Traceback (most recent call last):
  File "C:\Users\Administrator\Desktop\api\TestCase\Test_registe.py", line 46, in test_register_ok
    self.assertEqual(response.json()["code"],expected["code"]) #断言响应code与期望code
  File "D:\python\lib\unittest\case.py", line 829, in assertEqual
    assertion_func(first, second, msg=msg)
  File "D:\python\lib\unittest\case.py", line 822, in _baseAssertEqual
    raise self.failureException(msg)
AssertionError: 2 != 0
2021-12-22 22:33:09,999 log1 INFO Test_registe.py-33 line：======  注册模块用例 执行结束  ========
